

Started GET "/" for 127.0.0.1 at 2016-05-06 09:10:30 -0500
  [1m[36mActiveRecord::SchemaMigration Load (0.5ms)[0m  [1mSELECT "schema_migrations".* FROM "schema_migrations"[0m

ActiveRecord::PendingMigrationError (

Migrations are pending. To resolve this issue, run:

	bin/rake db:migrate RAILS_ENV=development

):
  activerecord (4.2.6) lib/active_record/migration.rb:392:in `check_pending!'
  activerecord (4.2.6) lib/active_record/migration.rb:373:in `call'
  actionpack (4.2.6) lib/action_dispatch/middleware/callbacks.rb:29:in `block in call'
  activesupport (4.2.6) lib/active_support/callbacks.rb:88:in `__run_callbacks__'
  activesupport (4.2.6) lib/active_support/callbacks.rb:778:in `_run_call_callbacks'
  activesupport (4.2.6) lib/active_support/callbacks.rb:81:in `run_callbacks'
  actionpack (4.2.6) lib/action_dispatch/middleware/callbacks.rb:27:in `call'
  actionpack (4.2.6) lib/action_dispatch/middleware/reloader.rb:73:in `call'
  actionpack (4.2.6) lib/action_dispatch/middleware/remote_ip.rb:78:in `call'
  actionpack (4.2.6) lib/action_dispatch/middleware/debug_exceptions.rb:17:in `call'
  web-console (2.3.0) lib/web_console/middleware.rb:28:in `block in call'
  web-console (2.3.0) lib/web_console/middleware.rb:18:in `catch'
  web-console (2.3.0) lib/web_console/middleware.rb:18:in `call'
  actionpack (4.2.6) lib/action_dispatch/middleware/show_exceptions.rb:30:in `call'
  railties (4.2.6) lib/rails/rack/logger.rb:38:in `call_app'
  railties (4.2.6) lib/rails/rack/logger.rb:20:in `block in call'
  activesupport (4.2.6) lib/active_support/tagged_logging.rb:68:in `block in tagged'
  activesupport (4.2.6) lib/active_support/tagged_logging.rb:26:in `tagged'
  activesupport (4.2.6) lib/active_support/tagged_logging.rb:68:in `tagged'
  railties (4.2.6) lib/rails/rack/logger.rb:20:in `call'
  actionpack (4.2.6) lib/action_dispatch/middleware/request_id.rb:21:in `call'
  rack (1.6.4) lib/rack/methodoverride.rb:22:in `call'
  rack (1.6.4) lib/rack/runtime.rb:18:in `call'
  activesupport (4.2.6) lib/active_support/cache/strategy/local_cache_middleware.rb:28:in `call'
  rack (1.6.4) lib/rack/lock.rb:17:in `call'
  actionpack (4.2.6) lib/action_dispatch/middleware/static.rb:120:in `call'
  rack (1.6.4) lib/rack/sendfile.rb:113:in `call'
  railties (4.2.6) lib/rails/engine.rb:518:in `call'
  railties (4.2.6) lib/rails/application.rb:165:in `call'
  rack (1.6.4) lib/rack/content_length.rb:15:in `call'
  puma (3.4.0) lib/puma/configuration.rb:224:in `call'
  puma (3.4.0) lib/puma/server.rb:569:in `handle_request'
  puma (3.4.0) lib/puma/server.rb:406:in `process_client'
  puma (3.4.0) lib/puma/server.rb:271:in `block in run'
  puma (3.4.0) lib/puma/thread_pool.rb:114:in `call'
  puma (3.4.0) lib/puma/thread_pool.rb:114:in `block in spawn_thread'


  Rendered /Users/apprentice/.rbenv/versions/2.2.3/lib/ruby/gems/2.2.0/gems/actionpack-4.2.6/lib/action_dispatch/middleware/templates/rescues/_source.erb (4.1ms)
  Rendered /Users/apprentice/.rbenv/versions/2.2.3/lib/ruby/gems/2.2.0/gems/actionpack-4.2.6/lib/action_dispatch/middleware/templates/rescues/_trace.html.erb (1.9ms)
  Rendered /Users/apprentice/.rbenv/versions/2.2.3/lib/ruby/gems/2.2.0/gems/actionpack-4.2.6/lib/action_dispatch/middleware/templates/rescues/_request_and_response.html.erb (1.2ms)
  Rendered /Users/apprentice/.rbenv/versions/2.2.3/lib/ruby/gems/2.2.0/gems/actionpack-4.2.6/lib/action_dispatch/middleware/templates/rescues/diagnostics.html.erb within rescues/layout (95.3ms)
  Rendered /Users/apprentice/.rbenv/versions/2.2.3/lib/ruby/gems/2.2.0/gems/web-console-2.3.0/lib/web_console/templates/_markup.html.erb (0.6ms)
  Rendered /Users/apprentice/.rbenv/versions/2.2.3/lib/ruby/gems/2.2.0/gems/web-console-2.3.0/lib/web_console/templates/_inner_console_markup.html.erb within layouts/inlined_string (0.7ms)
  Rendered /Users/apprentice/.rbenv/versions/2.2.3/lib/ruby/gems/2.2.0/gems/web-console-2.3.0/lib/web_console/templates/_prompt_box_markup.html.erb within layouts/inlined_string (0.6ms)
  Rendered /Users/apprentice/.rbenv/versions/2.2.3/lib/ruby/gems/2.2.0/gems/web-console-2.3.0/lib/web_console/templates/style.css.erb within layouts/inlined_string (0.5ms)
  Rendered /Users/apprentice/.rbenv/versions/2.2.3/lib/ruby/gems/2.2.0/gems/web-console-2.3.0/lib/web_console/templates/console.js.erb within layouts/javascript (163.5ms)
  Rendered /Users/apprentice/.rbenv/versions/2.2.3/lib/ruby/gems/2.2.0/gems/web-console-2.3.0/lib/web_console/templates/main.js.erb within layouts/javascript (0.4ms)
  Rendered /Users/apprentice/.rbenv/versions/2.2.3/lib/ruby/gems/2.2.0/gems/web-console-2.3.0/lib/web_console/templates/error_page.js.erb within layouts/javascript (0.5ms)
  Rendered /Users/apprentice/.rbenv/versions/2.2.3/lib/ruby/gems/2.2.0/gems/web-console-2.3.0/lib/web_console/templates/index.html.erb (276.4ms)
  [1m[36mActiveRecord::SchemaMigration Load (0.3ms)[0m  [1mSELECT "schema_migrations".* FROM "schema_migrations"[0m
Migrating to ChangeStatusColumnInRelationshipsToDefaultFalse (20160505142724)
  [1m[35m (0.2ms)[0m  BEGIN
  [1m[36m (88.4ms)[0m  [1mALTER TABLE "relationships" ALTER COLUMN "status" TYPE boolean[0m
  [1m[35m (16.6ms)[0m  ALTER TABLE "relationships" ALTER COLUMN "status" SET DEFAULT 'f'
  [1m[36mSQL (16.0ms)[0m  [1mINSERT INTO "schema_migrations" ("version") VALUES ($1)[0m  [["version", "20160505142724"]]
  [1m[35m (16.4ms)[0m  COMMIT
  [1m[36mActiveRecord::SchemaMigration Load (0.2ms)[0m  [1mSELECT "schema_migrations".* FROM "schema_migrations"[0m
  [1m[35m (2.2ms)[0m  SELECT t2.oid::regclass::text AS to_table, a1.attname AS column, a2.attname AS primary_key, c.conname AS name, c.confupdtype AS on_update, c.confdeltype AS on_delete
FROM pg_constraint c
JOIN pg_class t1 ON c.conrelid = t1.oid
JOIN pg_class t2 ON c.confrelid = t2.oid
JOIN pg_attribute a1 ON a1.attnum = c.conkey[1] AND a1.attrelid = t1.oid
JOIN pg_attribute a2 ON a2.attnum = c.confkey[1] AND a2.attrelid = t2.oid
JOIN pg_namespace t3 ON c.connamespace = t3.oid
WHERE c.contype = 'f'
  AND t1.relname = 'additions'
  AND t3.nspname = ANY (current_schemas(false))
ORDER BY c.conname

  [1m[36m (1.8ms)[0m  [1mSELECT t2.oid::regclass::text AS to_table, a1.attname AS column, a2.attname AS primary_key, c.conname AS name, c.confupdtype AS on_update, c.confdeltype AS on_delete
FROM pg_constraint c
JOIN pg_class t1 ON c.conrelid = t1.oid
JOIN pg_class t2 ON c.confrelid = t2.oid
JOIN pg_attribute a1 ON a1.attnum = c.conkey[1] AND a1.attrelid = t1.oid
JOIN pg_attribute a2 ON a2.attnum = c.confkey[1] AND a2.attrelid = t2.oid
JOIN pg_namespace t3 ON c.connamespace = t3.oid
WHERE c.contype = 'f'
  AND t1.relname = 'comments'
  AND t3.nspname = ANY (current_schemas(false))
ORDER BY c.conname
[0m
  [1m[35m (1.6ms)[0m  SELECT t2.oid::regclass::text AS to_table, a1.attname AS column, a2.attname AS primary_key, c.conname AS name, c.confupdtype AS on_update, c.confdeltype AS on_delete
FROM pg_constraint c
JOIN pg_class t1 ON c.conrelid = t1.oid
JOIN pg_class t2 ON c.confrelid = t2.oid
JOIN pg_attribute a1 ON a1.attnum = c.conkey[1] AND a1.attrelid = t1.oid
JOIN pg_attribute a2 ON a2.attnum = c.confkey[1] AND a2.attrelid = t2.oid
JOIN pg_namespace t3 ON c.connamespace = t3.oid
WHERE c.contype = 'f'
  AND t1.relname = 'game_mechanics'
  AND t3.nspname = ANY (current_schemas(false))
ORDER BY c.conname

  [1m[36m (2.9ms)[0m  [1mSELECT t2.oid::regclass::text AS to_table, a1.attname AS column, a2.attname AS primary_key, c.conname AS name, c.confupdtype AS on_update, c.confdeltype AS on_delete
FROM pg_constraint c
JOIN pg_class t1 ON c.conrelid = t1.oid
JOIN pg_class t2 ON c.confrelid = t2.oid
JOIN pg_attribute a1 ON a1.attnum = c.conkey[1] AND a1.attrelid = t1.oid
JOIN pg_attribute a2 ON a2.attnum = c.confkey[1] AND a2.attrelid = t2.oid
JOIN pg_namespace t3 ON c.connamespace = t3.oid
WHERE c.contype = 'f'
  AND t1.relname = 'games'
  AND t3.nspname = ANY (current_schemas(false))
ORDER BY c.conname
[0m
  [1m[35m (1.8ms)[0m  SELECT t2.oid::regclass::text AS to_table, a1.attname AS column, a2.attname AS primary_key, c.conname AS name, c.confupdtype AS on_update, c.confdeltype AS on_delete
FROM pg_constraint c
JOIN pg_class t1 ON c.conrelid = t1.oid
JOIN pg_class t2 ON c.confrelid = t2.oid
JOIN pg_attribute a1 ON a1.attnum = c.conkey[1] AND a1.attrelid = t1.oid
JOIN pg_attribute a2 ON a2.attnum = c.confkey[1] AND a2.attrelid = t2.oid
JOIN pg_namespace t3 ON c.connamespace = t3.oid
WHERE c.contype = 'f'
  AND t1.relname = 'mechanics'
  AND t3.nspname = ANY (current_schemas(false))
ORDER BY c.conname

  [1m[36m (1.6ms)[0m  [1mSELECT t2.oid::regclass::text AS to_table, a1.attname AS column, a2.attname AS primary_key, c.conname AS name, c.confupdtype AS on_update, c.confdeltype AS on_delete
FROM pg_constraint c
JOIN pg_class t1 ON c.conrelid = t1.oid
JOIN pg_class t2 ON c.confrelid = t2.oid
JOIN pg_attribute a1 ON a1.attnum = c.conkey[1] AND a1.attrelid = t1.oid
JOIN pg_attribute a2 ON a2.attnum = c.confkey[1] AND a2.attrelid = t2.oid
JOIN pg_namespace t3 ON c.connamespace = t3.oid
WHERE c.contype = 'f'
  AND t1.relname = 'relationships'
  AND t3.nspname = ANY (current_schemas(false))
ORDER BY c.conname
[0m
  [1m[35m (1.6ms)[0m  SELECT t2.oid::regclass::text AS to_table, a1.attname AS column, a2.attname AS primary_key, c.conname AS name, c.confupdtype AS on_update, c.confdeltype AS on_delete
FROM pg_constraint c
JOIN pg_class t1 ON c.conrelid = t1.oid
JOIN pg_class t2 ON c.confrelid = t2.oid
JOIN pg_attribute a1 ON a1.attnum = c.conkey[1] AND a1.attrelid = t1.oid
JOIN pg_attribute a2 ON a2.attnum = c.confkey[1] AND a2.attrelid = t2.oid
JOIN pg_namespace t3 ON c.connamespace = t3.oid
WHERE c.contype = 'f'
  AND t1.relname = 'users'
  AND t3.nspname = ANY (current_schemas(false))
ORDER BY c.conname

  [1m[36m (1.6ms)[0m  [1mSELECT t2.oid::regclass::text AS to_table, a1.attname AS column, a2.attname AS primary_key, c.conname AS name, c.confupdtype AS on_update, c.confdeltype AS on_delete
FROM pg_constraint c
JOIN pg_class t1 ON c.conrelid = t1.oid
JOIN pg_class t2 ON c.confrelid = t2.oid
JOIN pg_attribute a1 ON a1.attnum = c.conkey[1] AND a1.attrelid = t1.oid
JOIN pg_attribute a2 ON a2.attnum = c.confkey[1] AND a2.attrelid = t2.oid
JOIN pg_namespace t3 ON c.connamespace = t3.oid
WHERE c.contype = 'f'
  AND t1.relname = 'votes'
  AND t3.nspname = ANY (current_schemas(false))
ORDER BY c.conname
[0m


Started GET "/" for 127.0.0.1 at 2016-05-06 09:11:22 -0500
  [1m[35mActiveRecord::SchemaMigration Load (0.2ms)[0m  SELECT "schema_migrations".* FROM "schema_migrations"
Processing by GamesController#index as HTML
  [1m[36mGame Load (1.2ms)[0m  [1mSELECT  "games".* FROM "games" LIMIT 10 OFFSET 0[0m
  [1m[35m (0.6ms)[0m  SELECT COUNT(*) FROM "games"
  [1m[36m (0.4ms)[0m  [1mSELECT COUNT(*) FROM "comments" WHERE "comments"."game_id" = $1[0m  [["game_id", 1]]
  [1m[35m (0.2ms)[0m  SELECT COUNT(*) FROM "comments" WHERE "comments"."game_id" = $1  [["game_id", 2]]
  [1m[36m (0.2ms)[0m  [1mSELECT COUNT(*) FROM "comments" WHERE "comments"."game_id" = $1[0m  [["game_id", 3]]
  [1m[35m (0.2ms)[0m  SELECT COUNT(*) FROM "comments" WHERE "comments"."game_id" = $1  [["game_id", 4]]
  [1m[36m (0.2ms)[0m  [1mSELECT COUNT(*) FROM "comments" WHERE "comments"."game_id" = $1[0m  [["game_id", 5]]
  [1m[35m (0.2ms)[0m  SELECT COUNT(*) FROM "comments" WHERE "comments"."game_id" = $1  [["game_id", 6]]
  [1m[36m (0.2ms)[0m  [1mSELECT COUNT(*) FROM "comments" WHERE "comments"."game_id" = $1[0m  [["game_id", 7]]
  [1m[35m (0.2ms)[0m  SELECT COUNT(*) FROM "comments" WHERE "comments"."game_id" = $1  [["game_id", 8]]
  [1m[36m (0.2ms)[0m  [1mSELECT COUNT(*) FROM "comments" WHERE "comments"."game_id" = $1[0m  [["game_id", 9]]
  [1m[35m (0.2ms)[0m  SELECT COUNT(*) FROM "comments" WHERE "comments"."game_id" = $1  [["game_id", 10]]
  Rendered games/_game.html.haml (53.6ms)
  Rendered games/index.html.haml within layouts/application (81.1ms)
  [1m[36mUser Load (0.7ms)[0m  [1mSELECT  "users".* FROM "users" WHERE "users"."id" IS NULL LIMIT 1[0m
Completed 200 OK in 1788ms (Views: 1721.6ms | ActiveRecord: 8.7ms)


Started GET "/assets/application.self-7fdb149207e742863aa1a9a83d2eaaa5422f4fc5a3aa10bbb1df9e880abec490.css?body=1" for 127.0.0.1 at 2016-05-06 09:11:24 -0500


Started GET "/assets/turbolinks.self-c37727e9bd6b2735da5c311aa83fead54ed0be6cc8bd9a65309e9c5abe2cbfff.js?body=1" for 127.0.0.1 at 2016-05-06 09:11:24 -0500


Started GET "/assets/jquery_ujs.self-e87806d0cf4489aeb1bb7288016024e8de67fd18db693fe026fe3907581e53cd.js?body=1" for 127.0.0.1 at 2016-05-06 09:11:24 -0500
  [1m[36mActiveRecord::SchemaMigration Load (0.4ms)[0m  [1mSELECT "schema_migrations".* FROM "schema_migrations"[0m


Started GET "/assets/jquery.self-660adc51e0224b731d29f575a6f1ec167ba08ad06ed5deca4f1e8654c135bf4c.js?body=1" for 127.0.0.1 at 2016-05-06 09:11:25 -0500


Started GET "/assets/application.self-3b8dabdc891efe46b9a144b400ad69e37d7e5876bdc39dee783419a69d7ca819.js?body=1" for 127.0.0.1 at 2016-05-06 09:11:25 -0500


Started GET "/games/1" for 127.0.0.1 at 2016-05-06 09:11:45 -0500
Processing by GamesController#show as HTML
  Parameters: {"id"=>"1"}
  [1m[35mGame Load (0.6ms)[0m  SELECT  "games".* FROM "games" WHERE "games"."id" = $1 LIMIT 1  [["id", 1]]
  [1m[36mUser Load (0.5ms)[0m  [1mSELECT  "users".* FROM "users" WHERE "users"."id" IS NULL LIMIT 1[0m
  [1m[35mCACHE (0.0ms)[0m  SELECT  "users".* FROM "users" WHERE "users"."id" IS NULL LIMIT 1
  [1m[36m (0.4ms)[0m  [1mSELECT COUNT(*) FROM "votes" WHERE "votes"."voteable_id" = $1 AND "votes"."voteable_type" = $2[0m  [["voteable_id", 1], ["voteable_type", "Game"]]
  [1m[35mMechanic Load (0.8ms)[0m  SELECT "mechanics".* FROM "mechanics" INNER JOIN "game_mechanics" ON "mechanics"."id" = "game_mechanics"."mechanic_id" WHERE "game_mechanics"."game_id" = $1  [["game_id", 1]]
  [1m[36mComment Load (0.3ms)[0m  [1mSELECT "comments".* FROM "comments" WHERE "comments"."game_id" = $1[0m  [["game_id", 1]]
  [1m[35mUser Load (0.2ms)[0m  SELECT  "users".* FROM "users" WHERE "users"."id" = $1 LIMIT 1  [["id", 1]]
  Rendered comments/_comment.html.haml (33.2ms)
  Rendered games/show.html.haml within layouts/application (161.3ms)
  [1m[36mCACHE (0.0ms)[0m  [1mSELECT  "users".* FROM "users" WHERE "users"."id" IS NULL LIMIT 1[0m
Completed 200 OK in 314ms (Views: 206.5ms | ActiveRecord: 10.8ms)


Started GET "/games/2" for 127.0.0.1 at 2016-05-06 09:12:24 -0500
Processing by GamesController#show as HTML
  Parameters: {"id"=>"2"}
  [1m[35mGame Load (0.4ms)[0m  SELECT  "games".* FROM "games" WHERE "games"."id" = $1 LIMIT 1  [["id", 2]]
  [1m[36mUser Load (0.3ms)[0m  [1mSELECT  "users".* FROM "users" WHERE "users"."id" IS NULL LIMIT 1[0m
  [1m[35mCACHE (0.0ms)[0m  SELECT  "users".* FROM "users" WHERE "users"."id" IS NULL LIMIT 1
  [1m[36m (0.3ms)[0m  [1mSELECT COUNT(*) FROM "votes" WHERE "votes"."voteable_id" = $1 AND "votes"."voteable_type" = $2[0m  [["voteable_id", 2], ["voteable_type", "Game"]]
  [1m[35mMechanic Load (0.6ms)[0m  SELECT "mechanics".* FROM "mechanics" INNER JOIN "game_mechanics" ON "mechanics"."id" = "game_mechanics"."mechanic_id" WHERE "game_mechanics"."game_id" = $1  [["game_id", 2]]
  [1m[36mComment Load (0.3ms)[0m  [1mSELECT "comments".* FROM "comments" WHERE "comments"."game_id" = $1[0m  [["game_id", 2]]
  [1m[35mUser Load (0.3ms)[0m  SELECT  "users".* FROM "users" WHERE "users"."id" = $1 LIMIT 1  [["id", 1]]
  [1m[36mCACHE (0.0ms)[0m  [1mSELECT  "users".* FROM "users" WHERE "users"."id" = $1 LIMIT 1[0m  [["id", 1]]
  Rendered comments/_comment.html.haml (2.3ms)
  Rendered games/show.html.haml within layouts/application (12.3ms)
  [1m[35mCACHE (0.0ms)[0m  SELECT  "users".* FROM "users" WHERE "users"."id" IS NULL LIMIT 1
Completed 200 OK in 36ms (Views: 31.9ms | ActiveRecord: 2.2ms)


Started GET "/games/2" for 127.0.0.1 at 2016-05-06 09:13:42 -0500
Processing by GamesController#show as HTML
  Parameters: {"id"=>"2"}
  [1m[35mGame Load (0.7ms)[0m  SELECT  "games".* FROM "games" WHERE "games"."id" = $1 LIMIT 1  [["id", 2]]
  [1m[36mUser Load (0.5ms)[0m  [1mSELECT  "users".* FROM "users" WHERE "users"."id" IS NULL LIMIT 1[0m
  [1m[35mCACHE (0.0ms)[0m  SELECT  "users".* FROM "users" WHERE "users"."id" IS NULL LIMIT 1
  [1m[36m (0.4ms)[0m  [1mSELECT COUNT(*) FROM "votes" WHERE "votes"."voteable_id" = $1 AND "votes"."voteable_type" = $2[0m  [["voteable_id", 2], ["voteable_type", "Game"]]
  [1m[35mMechanic Load (0.8ms)[0m  SELECT "mechanics".* FROM "mechanics" INNER JOIN "game_mechanics" ON "mechanics"."id" = "game_mechanics"."mechanic_id" WHERE "game_mechanics"."game_id" = $1  [["game_id", 2]]
  [1m[36mComment Load (0.3ms)[0m  [1mSELECT "comments".* FROM "comments" WHERE "comments"."game_id" = $1[0m  [["game_id", 2]]
  [1m[35mUser Load (0.2ms)[0m  SELECT  "users".* FROM "users" WHERE "users"."id" = $1 LIMIT 1  [["id", 1]]
  [1m[36mCACHE (0.0ms)[0m  [1mSELECT  "users".* FROM "users" WHERE "users"."id" = $1 LIMIT 1[0m  [["id", 1]]
  Rendered comments/_comment.html.haml (15.1ms)
  Rendered games/show.html.haml within layouts/application (99.1ms)
  [1m[35mCACHE (0.0ms)[0m  SELECT  "users".* FROM "users" WHERE "users"."id" IS NULL LIMIT 1
Completed 200 OK in 132ms (Views: 113.8ms | ActiveRecord: 11.1ms)


Started GET "/login" for 127.0.0.1 at 2016-05-06 09:14:10 -0500
Processing by SessionsController#new as HTML
  Rendered sessions/new.html.haml within layouts/application (60.6ms)
  [1m[36mUser Load (0.5ms)[0m  [1mSELECT  "users".* FROM "users" WHERE "users"."id" IS NULL LIMIT 1[0m
Completed 200 OK in 83ms (Views: 81.5ms | ActiveRecord: 0.5ms)


Started POST "/login" for 127.0.0.1 at 2016-05-06 09:14:17 -0500
Processing by SessionsController#create as HTML
  Parameters: {"utf8"=>"✓", "authenticity_token"=>"C+HvEfTE50WWvsbge0+nR30T0lI4DPoSFLT6F5Wnl8Fmn9k/PyTa3Cirt/dYFEhMl4V2MpgBciJc40CCNbwg6Q==", "user"=>{"username"=>"dwk", "password"=>"[FILTERED]"}, "commit"=>"Log in"}
  [1m[35mUser Load (0.3ms)[0m  SELECT  "users".* FROM "users" WHERE "users"."username" = $1 LIMIT 1  [["username", "dwk"]]
Redirected to http://127.0.0.1:3000/users/3
Completed 302 Found in 75ms (ActiveRecord: 0.3ms)


Started GET "/users/3" for 127.0.0.1 at 2016-05-06 09:14:17 -0500
Processing by UsersController#show as HTML
  Parameters: {"id"=>"3"}
  [1m[36mUser Load (0.3ms)[0m  [1mSELECT  "users".* FROM "users" WHERE "users"."id" = $1 LIMIT 1[0m  [["id", 3]]
  [1m[35mUser Load (0.3ms)[0m  SELECT  "users".* FROM "users" WHERE "users"."id" = $1 LIMIT 1  [["id", 3]]
  [1m[36mRelationship Load (0.3ms)[0m  [1mSELECT  "relationships".* FROM "relationships" WHERE "relationships"."status" = $1 AND "relationships"."sender_id" = 3  ORDER BY "relationships"."id" ASC LIMIT 1000[0m  [["status", "t"]]
  [1m[35mRelationship Load (0.2ms)[0m  SELECT "relationships".* FROM "relationships" WHERE "relationships"."status" = $1 AND "relationships"."sender_id" = 3  [["status", "t"]]
  [1m[36mRelationship Load (0.2ms)[0m  [1mSELECT "relationships".* FROM "relationships" WHERE "relationships"."status" = $1 AND "relationships"."receiver_id" = 3[0m  [["status", "t"]]
  [1m[35mCACHE (0.0ms)[0m  SELECT "relationships".* FROM "relationships" WHERE "relationships"."status" = $1 AND "relationships"."sender_id" = 3  [["status", true]]
  [1m[36mCACHE (0.0ms)[0m  [1mSELECT "relationships".* FROM "relationships" WHERE "relationships"."status" = $1 AND "relationships"."receiver_id" = 3[0m  [["status", true]]
  [1m[35mCACHE (0.0ms)[0m  SELECT "relationships".* FROM "relationships" WHERE "relationships"."status" = $1 AND "relationships"."sender_id" = 3  [["status", true]]
  [1m[36mCACHE (0.0ms)[0m  [1mSELECT "relationships".* FROM "relationships" WHERE "relationships"."status" = $1 AND "relationships"."receiver_id" = 3[0m  [["status", true]]
  [1m[35mRelationship Load (0.2ms)[0m  SELECT "relationships".* FROM "relationships" WHERE "relationships"."sender_id" = $1 AND "relationships"."status" = $2  [["sender_id", 3], ["status", "f"]]
  [1m[36mRelationship Load (0.2ms)[0m  [1mSELECT "relationships".* FROM "relationships" WHERE "relationships"."receiver_id" = $1 AND "relationships"."status" = $2[0m  [["receiver_id", 3], ["status", "f"]]
  [1m[35mGame Load (0.4ms)[0m  SELECT "games".* FROM "games" INNER JOIN "additions" ON "games"."id" = "additions"."game_id" WHERE "additions"."user_id" = $1  [["user_id", 3]]
  Rendered users/show.html.haml within layouts/application (51.4ms)
Completed 200 OK in 70ms (Views: 64.0ms | ActiveRecord: 4.4ms)


Started GET "/" for 127.0.0.1 at 2016-05-06 09:14:30 -0500
Processing by GamesController#index as HTML
  [1m[36mGame Load (0.4ms)[0m  [1mSELECT  "games".* FROM "games" LIMIT 10 OFFSET 0[0m
  [1m[35m (0.7ms)[0m  SELECT COUNT(*) FROM "games"
  [1m[36m (0.2ms)[0m  [1mSELECT COUNT(*) FROM "comments" WHERE "comments"."game_id" = $1[0m  [["game_id", 1]]
  [1m[35m (0.3ms)[0m  SELECT COUNT(*) FROM "comments" WHERE "comments"."game_id" = $1  [["game_id", 2]]
  [1m[36m (0.2ms)[0m  [1mSELECT COUNT(*) FROM "comments" WHERE "comments"."game_id" = $1[0m  [["game_id", 3]]
  [1m[35m (0.3ms)[0m  SELECT COUNT(*) FROM "comments" WHERE "comments"."game_id" = $1  [["game_id", 4]]
  [1m[36m (0.2ms)[0m  [1mSELECT COUNT(*) FROM "comments" WHERE "comments"."game_id" = $1[0m  [["game_id", 5]]
  [1m[35m (0.3ms)[0m  SELECT COUNT(*) FROM "comments" WHERE "comments"."game_id" = $1  [["game_id", 6]]
  [1m[36m (0.2ms)[0m  [1mSELECT COUNT(*) FROM "comments" WHERE "comments"."game_id" = $1[0m  [["game_id", 7]]
  [1m[35m (0.2ms)[0m  SELECT COUNT(*) FROM "comments" WHERE "comments"."game_id" = $1  [["game_id", 8]]
  [1m[36m (0.2ms)[0m  [1mSELECT COUNT(*) FROM "comments" WHERE "comments"."game_id" = $1[0m  [["game_id", 9]]
  [1m[35m (0.2ms)[0m  SELECT COUNT(*) FROM "comments" WHERE "comments"."game_id" = $1  [["game_id", 10]]
  Rendered games/_game.html.haml (18.9ms)
  Rendered games/index.html.haml within layouts/application (28.7ms)
  [1m[36mUser Load (0.3ms)[0m  [1mSELECT  "users".* FROM "users" WHERE "users"."id" = $1 LIMIT 1[0m  [["id", 3]]
Completed 200 OK in 45ms (Views: 40.6ms | ActiveRecord: 3.5ms)


Started GET "/games/2" for 127.0.0.1 at 2016-05-06 09:14:33 -0500
Processing by GamesController#show as HTML
  Parameters: {"id"=>"2"}
  [1m[35mGame Load (0.3ms)[0m  SELECT  "games".* FROM "games" WHERE "games"."id" = $1 LIMIT 1  [["id", 2]]
  [1m[36mUser Load (0.4ms)[0m  [1mSELECT  "users".* FROM "users" WHERE "users"."id" = $1 LIMIT 1[0m  [["id", 3]]
  [1m[35mGame Exists (0.4ms)[0m  SELECT  1 AS one FROM "games" INNER JOIN "additions" ON "games"."id" = "additions"."game_id" WHERE "additions"."user_id" = $1 AND "games"."id" = $2 LIMIT 1  [["user_id", 3], ["id", 2]]
  [1m[36m (0.5ms)[0m  [1mSELECT COUNT(*) FROM "votes" WHERE "votes"."voteable_id" = $1 AND "votes"."voteable_type" = $2[0m  [["voteable_id", 2], ["voteable_type", "Game"]]
  [1m[35mMechanic Load (0.8ms)[0m  SELECT "mechanics".* FROM "mechanics" INNER JOIN "game_mechanics" ON "mechanics"."id" = "game_mechanics"."mechanic_id" WHERE "game_mechanics"."game_id" = $1  [["game_id", 2]]
  [1m[36mComment Load (0.2ms)[0m  [1mSELECT "comments".* FROM "comments" WHERE "comments"."game_id" = $1[0m  [["game_id", 2]]
  [1m[35mUser Load (0.2ms)[0m  SELECT  "users".* FROM "users" WHERE "users"."id" = $1 LIMIT 1  [["id", 1]]
  [1m[36mCACHE (0.0ms)[0m  [1mSELECT  "users".* FROM "users" WHERE "users"."id" = $1 LIMIT 1[0m  [["id", 1]]
  Rendered comments/_comment.html.haml (1.8ms)
  Rendered games/show.html.haml within layouts/application (70.1ms)
Completed 200 OK in 90ms (Views: 83.4ms | ActiveRecord: 4.2ms)


Started POST "/additions?game_id=2" for 127.0.0.1 at 2016-05-06 09:14:39 -0500
Processing by AdditionsController#create as HTML
  Parameters: {"authenticity_token"=>"CG7VgivPLH3cEfsRe1dMSXhr0IP/kiF+8Uu+4Q1CcWtlEOOs4C8R5GIEigZYDKNCkv1041+fqU65HAR0rVnGQw==", "game_id"=>"2"}
  [1m[35mGame Load (0.3ms)[0m  SELECT  "games".* FROM "games" WHERE "games"."id" = $1 LIMIT 1  [["id", 2]]
  [1m[36mUser Load (0.2ms)[0m  [1mSELECT  "users".* FROM "users" WHERE "users"."id" = $1 LIMIT 1[0m  [["id", 3]]
  [1m[35m (0.1ms)[0m  BEGIN
  [1m[36mSQL (23.4ms)[0m  [1mINSERT INTO "additions" ("user_id", "game_id", "created_at", "updated_at") VALUES ($1, $2, $3, $4) RETURNING "id"[0m  [["user_id", 3], ["game_id", 2], ["created_at", "2016-05-06 14:14:39.263551"], ["updated_at", "2016-05-06 14:14:39.263551"]]
  [1m[35m (0.7ms)[0m  COMMIT
Redirected to http://127.0.0.1:3000/games/2
Completed 302 Found in 41ms (ActiveRecord: 25.8ms)


Started GET "/games/2" for 127.0.0.1 at 2016-05-06 09:14:39 -0500
Processing by GamesController#show as HTML
  Parameters: {"id"=>"2"}
  [1m[36mGame Load (0.3ms)[0m  [1mSELECT  "games".* FROM "games" WHERE "games"."id" = $1 LIMIT 1[0m  [["id", 2]]
  [1m[35mUser Load (0.4ms)[0m  SELECT  "users".* FROM "users" WHERE "users"."id" = $1 LIMIT 1  [["id", 3]]
  [1m[36mGame Exists (0.3ms)[0m  [1mSELECT  1 AS one FROM "games" INNER JOIN "additions" ON "games"."id" = "additions"."game_id" WHERE "additions"."user_id" = $1 AND "games"."id" = $2 LIMIT 1[0m  [["user_id", 3], ["id", 2]]
  [1m[35mGame Exists (0.3ms)[0m  SELECT  1 AS one FROM "games" INNER JOIN "additions" ON "games"."id" = "additions"."game_id" WHERE "additions"."user_id" = $1 AND "games"."id" = $2 LIMIT 1  [["user_id", 3], ["id", 2]]
  [1m[36m (0.3ms)[0m  [1mSELECT COUNT(*) FROM "votes" WHERE "votes"."voteable_id" = $1 AND "votes"."voteable_type" = $2[0m  [["voteable_id", 2], ["voteable_type", "Game"]]
  [1m[35mMechanic Load (0.5ms)[0m  SELECT "mechanics".* FROM "mechanics" INNER JOIN "game_mechanics" ON "mechanics"."id" = "game_mechanics"."mechanic_id" WHERE "game_mechanics"."game_id" = $1  [["game_id", 2]]
  [1m[36mComment Load (0.2ms)[0m  [1mSELECT "comments".* FROM "comments" WHERE "comments"."game_id" = $1[0m  [["game_id", 2]]
  [1m[35mUser Load (0.3ms)[0m  SELECT  "users".* FROM "users" WHERE "users"."id" = $1 LIMIT 1  [["id", 1]]
  [1m[36mCACHE (0.0ms)[0m  [1mSELECT  "users".* FROM "users" WHERE "users"."id" = $1 LIMIT 1[0m  [["id", 1]]
  Rendered comments/_comment.html.haml (3.0ms)
  Rendered games/show.html.haml within layouts/application (17.6ms)
Completed 200 OK in 32ms (Views: 28.6ms | ActiveRecord: 2.5ms)


Started GET "/users/3" for 127.0.0.1 at 2016-05-06 09:14:42 -0500
Processing by UsersController#show as HTML
  Parameters: {"id"=>"3"}
  [1m[35mUser Load (0.3ms)[0m  SELECT  "users".* FROM "users" WHERE "users"."id" = $1 LIMIT 1  [["id", 3]]
  [1m[36mUser Load (0.3ms)[0m  [1mSELECT  "users".* FROM "users" WHERE "users"."id" = $1 LIMIT 1[0m  [["id", 3]]
  [1m[35mRelationship Load (0.3ms)[0m  SELECT  "relationships".* FROM "relationships" WHERE "relationships"."status" = $1 AND "relationships"."sender_id" = 3  ORDER BY "relationships"."id" ASC LIMIT 1000  [["status", "t"]]
  [1m[36mRelationship Load (0.2ms)[0m  [1mSELECT "relationships".* FROM "relationships" WHERE "relationships"."status" = $1 AND "relationships"."sender_id" = 3[0m  [["status", "t"]]
  [1m[35mRelationship Load (0.1ms)[0m  SELECT "relationships".* FROM "relationships" WHERE "relationships"."status" = $1 AND "relationships"."receiver_id" = 3  [["status", "t"]]
  [1m[36mCACHE (0.0ms)[0m  [1mSELECT "relationships".* FROM "relationships" WHERE "relationships"."status" = $1 AND "relationships"."sender_id" = 3[0m  [["status", true]]
  [1m[35mCACHE (0.0ms)[0m  SELECT "relationships".* FROM "relationships" WHERE "relationships"."status" = $1 AND "relationships"."receiver_id" = 3  [["status", true]]
  [1m[36mCACHE (0.0ms)[0m  [1mSELECT "relationships".* FROM "relationships" WHERE "relationships"."status" = $1 AND "relationships"."sender_id" = 3[0m  [["status", true]]
  [1m[35mCACHE (0.0ms)[0m  SELECT "relationships".* FROM "relationships" WHERE "relationships"."status" = $1 AND "relationships"."receiver_id" = 3  [["status", true]]
  [1m[36mRelationship Load (0.3ms)[0m  [1mSELECT "relationships".* FROM "relationships" WHERE "relationships"."sender_id" = $1 AND "relationships"."status" = $2[0m  [["sender_id", 3], ["status", "f"]]
  [1m[35mRelationship Load (0.2ms)[0m  SELECT "relationships".* FROM "relationships" WHERE "relationships"."receiver_id" = $1 AND "relationships"."status" = $2  [["receiver_id", 3], ["status", "f"]]
  [1m[36mGame Load (0.3ms)[0m  [1mSELECT "games".* FROM "games" INNER JOIN "additions" ON "games"."id" = "additions"."game_id" WHERE "additions"."user_id" = $1[0m  [["user_id", 3]]
  Rendered users/show.html.haml within layouts/application (16.3ms)
Completed 200 OK in 32ms (Views: 28.5ms | ActiveRecord: 2.7ms)


Started DELETE "/logout" for 127.0.0.1 at 2016-05-06 09:14:55 -0500
Processing by SessionsController#destroy as HTML
  Parameters: {"authenticity_token"=>"74Xwky0468sFQUSV34dFxBOSAu95Xokz8+SHxNivmkCC+8a95tjWUrtUNYL83KrP+QSmj9lTAQO7sz1ReLQtaA=="}
Redirected to http://127.0.0.1:3000/users/new
Completed 302 Found in 1ms (ActiveRecord: 0.0ms)


Started GET "/users/new" for 127.0.0.1 at 2016-05-06 09:14:55 -0500
Processing by UsersController#new as HTML
  Rendered users/new.html.haml within layouts/application (4.4ms)
  [1m[35mUser Load (0.3ms)[0m  SELECT  "users".* FROM "users" WHERE "users"."id" IS NULL LIMIT 1
Completed 200 OK in 21ms (Views: 19.5ms | ActiveRecord: 0.3ms)


Started GET "/" for 127.0.0.1 at 2016-05-06 09:14:57 -0500
Processing by GamesController#index as HTML
  [1m[36mGame Load (0.5ms)[0m  [1mSELECT  "games".* FROM "games" LIMIT 10 OFFSET 0[0m
  [1m[35m (0.3ms)[0m  SELECT COUNT(*) FROM "games"
  [1m[36m (0.2ms)[0m  [1mSELECT COUNT(*) FROM "comments" WHERE "comments"."game_id" = $1[0m  [["game_id", 1]]
  [1m[35m (0.2ms)[0m  SELECT COUNT(*) FROM "comments" WHERE "comments"."game_id" = $1  [["game_id", 2]]
  [1m[36m (0.2ms)[0m  [1mSELECT COUNT(*) FROM "comments" WHERE "comments"."game_id" = $1[0m  [["game_id", 3]]
  [1m[35m (0.2ms)[0m  SELECT COUNT(*) FROM "comments" WHERE "comments"."game_id" = $1  [["game_id", 4]]
  [1m[36m (0.2ms)[0m  [1mSELECT COUNT(*) FROM "comments" WHERE "comments"."game_id" = $1[0m  [["game_id", 5]]
  [1m[35m (0.2ms)[0m  SELECT COUNT(*) FROM "comments" WHERE "comments"."game_id" = $1  [["game_id", 6]]
  [1m[36m (0.2ms)[0m  [1mSELECT COUNT(*) FROM "comments" WHERE "comments"."game_id" = $1[0m  [["game_id", 7]]
  [1m[35m (0.2ms)[0m  SELECT COUNT(*) FROM "comments" WHERE "comments"."game_id" = $1  [["game_id", 8]]
  [1m[36m (0.2ms)[0m  [1mSELECT COUNT(*) FROM "comments" WHERE "comments"."game_id" = $1[0m  [["game_id", 9]]
  [1m[35m (0.2ms)[0m  SELECT COUNT(*) FROM "comments" WHERE "comments"."game_id" = $1  [["game_id", 10]]
  Rendered games/_game.html.haml (14.6ms)
  Rendered games/index.html.haml within layouts/application (21.8ms)
  [1m[36mUser Load (0.4ms)[0m  [1mSELECT  "users".* FROM "users" WHERE "users"."id" IS NULL LIMIT 1[0m
Completed 200 OK in 40ms (Views: 36.2ms | ActiveRecord: 2.8ms)


Started GET "/games/1" for 127.0.0.1 at 2016-05-06 09:14:59 -0500
Processing by GamesController#show as HTML
  Parameters: {"id"=>"1"}
  [1m[35mGame Load (0.5ms)[0m  SELECT  "games".* FROM "games" WHERE "games"."id" = $1 LIMIT 1  [["id", 1]]
  [1m[36mUser Load (0.4ms)[0m  [1mSELECT  "users".* FROM "users" WHERE "users"."id" IS NULL LIMIT 1[0m
  [1m[35mCACHE (0.0ms)[0m  SELECT  "users".* FROM "users" WHERE "users"."id" IS NULL LIMIT 1
  [1m[36m (0.5ms)[0m  [1mSELECT COUNT(*) FROM "votes" WHERE "votes"."voteable_id" = $1 AND "votes"."voteable_type" = $2[0m  [["voteable_id", 1], ["voteable_type", "Game"]]
  [1m[35mMechanic Load (0.6ms)[0m  SELECT "mechanics".* FROM "mechanics" INNER JOIN "game_mechanics" ON "mechanics"."id" = "game_mechanics"."mechanic_id" WHERE "game_mechanics"."game_id" = $1  [["game_id", 1]]
  [1m[36mComment Load (0.3ms)[0m  [1mSELECT "comments".* FROM "comments" WHERE "comments"."game_id" = $1[0m  [["game_id", 1]]
  [1m[35mUser Load (0.3ms)[0m  SELECT  "users".* FROM "users" WHERE "users"."id" = $1 LIMIT 1  [["id", 1]]
  Rendered comments/_comment.html.haml (1.4ms)
  Rendered games/show.html.haml within layouts/application (22.8ms)
  [1m[36mCACHE (0.0ms)[0m  [1mSELECT  "users".* FROM "users" WHERE "users"."id" IS NULL LIMIT 1[0m
Completed 200 OK in 43ms (Views: 38.3ms | ActiveRecord: 2.6ms)


Started GET "/games/1/comments/new" for 127.0.0.1 at 2016-05-06 09:15:02 -0500
Processing by CommentsController#new as HTML
  Parameters: {"game_id"=>"1"}
  [1m[35mGame Load (0.3ms)[0m  SELECT  "games".* FROM "games" WHERE "games"."id" = $1 LIMIT 1  [["id", 1]]
  [1m[36mUser Load (0.4ms)[0m  [1mSELECT  "users".* FROM "users" WHERE "users"."id" IS NULL LIMIT 1[0m
Completed 500 Internal Server Error in 6ms (ActiveRecord: 0.7ms)

NoMethodError (undefined method `id' for nil:NilClass):
  app/controllers/comments_controller.rb:6:in `new'


  Rendered /Users/apprentice/.rbenv/versions/2.2.3/lib/ruby/gems/2.2.0/gems/actionpack-4.2.6/lib/action_dispatch/middleware/templates/rescues/_source.erb (7.6ms)
  Rendered /Users/apprentice/.rbenv/versions/2.2.3/lib/ruby/gems/2.2.0/gems/actionpack-4.2.6/lib/action_dispatch/middleware/templates/rescues/_trace.html.erb (2.5ms)
  Rendered /Users/apprentice/.rbenv/versions/2.2.3/lib/ruby/gems/2.2.0/gems/actionpack-4.2.6/lib/action_dispatch/middleware/templates/rescues/_request_and_response.html.erb (1.0ms)
  Rendered /Users/apprentice/.rbenv/versions/2.2.3/lib/ruby/gems/2.2.0/gems/actionpack-4.2.6/lib/action_dispatch/middleware/templates/rescues/diagnostics.html.erb within rescues/layout (89.8ms)
  Rendered /Users/apprentice/.rbenv/versions/2.2.3/lib/ruby/gems/2.2.0/gems/web-console-2.3.0/lib/web_console/templates/_markup.html.erb (0.5ms)
  Rendered /Users/apprentice/.rbenv/versions/2.2.3/lib/ruby/gems/2.2.0/gems/web-console-2.3.0/lib/web_console/templates/_inner_console_markup.html.erb within layouts/inlined_string (0.3ms)
  Rendered /Users/apprentice/.rbenv/versions/2.2.3/lib/ruby/gems/2.2.0/gems/web-console-2.3.0/lib/web_console/templates/_prompt_box_markup.html.erb within layouts/inlined_string (0.4ms)
  Rendered /Users/apprentice/.rbenv/versions/2.2.3/lib/ruby/gems/2.2.0/gems/web-console-2.3.0/lib/web_console/templates/style.css.erb within layouts/inlined_string (0.4ms)
  Rendered /Users/apprentice/.rbenv/versions/2.2.3/lib/ruby/gems/2.2.0/gems/web-console-2.3.0/lib/web_console/templates/console.js.erb within layouts/javascript (80.9ms)
  Rendered /Users/apprentice/.rbenv/versions/2.2.3/lib/ruby/gems/2.2.0/gems/web-console-2.3.0/lib/web_console/templates/main.js.erb within layouts/javascript (0.4ms)
  Rendered /Users/apprentice/.rbenv/versions/2.2.3/lib/ruby/gems/2.2.0/gems/web-console-2.3.0/lib/web_console/templates/error_page.js.erb within layouts/javascript (0.5ms)
  Rendered /Users/apprentice/.rbenv/versions/2.2.3/lib/ruby/gems/2.2.0/gems/web-console-2.3.0/lib/web_console/templates/index.html.erb (176.3ms)


Started GET "/games/1/comments/new" for 127.0.0.1 at 2016-05-06 09:15:02 -0500
Processing by CommentsController#new as HTML
  Parameters: {"game_id"=>"1"}
  [1m[35mGame Load (0.4ms)[0m  SELECT  "games".* FROM "games" WHERE "games"."id" = $1 LIMIT 1  [["id", 1]]
  [1m[36mUser Load (0.4ms)[0m  [1mSELECT  "users".* FROM "users" WHERE "users"."id" IS NULL LIMIT 1[0m
Completed 500 Internal Server Error in 5ms (ActiveRecord: 0.9ms)

NoMethodError (undefined method `id' for nil:NilClass):
  app/controllers/comments_controller.rb:6:in `new'


  Rendered /Users/apprentice/.rbenv/versions/2.2.3/lib/ruby/gems/2.2.0/gems/actionpack-4.2.6/lib/action_dispatch/middleware/templates/rescues/_source.erb (5.7ms)
  Rendered /Users/apprentice/.rbenv/versions/2.2.3/lib/ruby/gems/2.2.0/gems/actionpack-4.2.6/lib/action_dispatch/middleware/templates/rescues/_trace.html.erb (2.4ms)
  Rendered /Users/apprentice/.rbenv/versions/2.2.3/lib/ruby/gems/2.2.0/gems/actionpack-4.2.6/lib/action_dispatch/middleware/templates/rescues/_request_and_response.html.erb (1.0ms)
  Rendered /Users/apprentice/.rbenv/versions/2.2.3/lib/ruby/gems/2.2.0/gems/actionpack-4.2.6/lib/action_dispatch/middleware/templates/rescues/diagnostics.html.erb within rescues/layout (94.4ms)
  Rendered /Users/apprentice/.rbenv/versions/2.2.3/lib/ruby/gems/2.2.0/gems/web-console-2.3.0/lib/web_console/templates/_markup.html.erb (0.5ms)
  Rendered /Users/apprentice/.rbenv/versions/2.2.3/lib/ruby/gems/2.2.0/gems/web-console-2.3.0/lib/web_console/templates/_inner_console_markup.html.erb within layouts/inlined_string (0.4ms)
  Rendered /Users/apprentice/.rbenv/versions/2.2.3/lib/ruby/gems/2.2.0/gems/web-console-2.3.0/lib/web_console/templates/_prompt_box_markup.html.erb within layouts/inlined_string (0.4ms)
  Rendered /Users/apprentice/.rbenv/versions/2.2.3/lib/ruby/gems/2.2.0/gems/web-console-2.3.0/lib/web_console/templates/style.css.erb within layouts/inlined_string (0.4ms)
  Rendered /Users/apprentice/.rbenv/versions/2.2.3/lib/ruby/gems/2.2.0/gems/web-console-2.3.0/lib/web_console/templates/console.js.erb within layouts/javascript (77.0ms)
  Rendered /Users/apprentice/.rbenv/versions/2.2.3/lib/ruby/gems/2.2.0/gems/web-console-2.3.0/lib/web_console/templates/main.js.erb within layouts/javascript (0.4ms)
  Rendered /Users/apprentice/.rbenv/versions/2.2.3/lib/ruby/gems/2.2.0/gems/web-console-2.3.0/lib/web_console/templates/error_page.js.erb within layouts/javascript (0.4ms)
  Rendered /Users/apprentice/.rbenv/versions/2.2.3/lib/ruby/gems/2.2.0/gems/web-console-2.3.0/lib/web_console/templates/index.html.erb (172.8ms)


Started GET "/login" for 127.0.0.1 at 2016-05-06 09:15:54 -0500
Processing by SessionsController#new as HTML
  Rendered sessions/new.html.haml within layouts/application (13.2ms)
  [1m[36mUser Load (0.4ms)[0m  [1mSELECT  "users".* FROM "users" WHERE "users"."id" IS NULL LIMIT 1[0m
Completed 200 OK in 38ms (Views: 36.9ms | ActiveRecord: 0.4ms)


Started POST "/login" for 127.0.0.1 at 2016-05-06 09:16:02 -0500
Processing by SessionsController#create as HTML
  Parameters: {"utf8"=>"✓", "authenticity_token"=>"Bv3oHFM1E2rfFxxj5NamLF8oP2y34uEsuOnziqu+RyJrg94ymNUu82ECbXTHjUkntb6bDBfvaRzwvkkfC6XwCg==", "user"=>{"username"=>"dwk", "password"=>"[FILTERED]"}, "commit"=>"Log in"}
  [1m[35mUser Load (0.2ms)[0m  SELECT  "users".* FROM "users" WHERE "users"."username" = $1 LIMIT 1  [["username", "dwk"]]
Redirected to http://127.0.0.1:3000/users/3
Completed 302 Found in 91ms (ActiveRecord: 0.2ms)


Started GET "/users/3" for 127.0.0.1 at 2016-05-06 09:16:02 -0500
Processing by UsersController#show as HTML
  Parameters: {"id"=>"3"}
  [1m[36mUser Load (0.3ms)[0m  [1mSELECT  "users".* FROM "users" WHERE "users"."id" = $1 LIMIT 1[0m  [["id", 3]]
  [1m[35mUser Load (0.3ms)[0m  SELECT  "users".* FROM "users" WHERE "users"."id" = $1 LIMIT 1  [["id", 3]]
  [1m[36mRelationship Load (0.4ms)[0m  [1mSELECT  "relationships".* FROM "relationships" WHERE "relationships"."status" = $1 AND "relationships"."sender_id" = 3  ORDER BY "relationships"."id" ASC LIMIT 1000[0m  [["status", "t"]]
  [1m[35mRelationship Load (0.2ms)[0m  SELECT "relationships".* FROM "relationships" WHERE "relationships"."status" = $1 AND "relationships"."sender_id" = 3  [["status", "t"]]
  [1m[36mRelationship Load (0.2ms)[0m  [1mSELECT "relationships".* FROM "relationships" WHERE "relationships"."status" = $1 AND "relationships"."receiver_id" = 3[0m  [["status", "t"]]
  [1m[35mCACHE (0.0ms)[0m  SELECT "relationships".* FROM "relationships" WHERE "relationships"."status" = $1 AND "relationships"."sender_id" = 3  [["status", true]]
  [1m[36mCACHE (0.0ms)[0m  [1mSELECT "relationships".* FROM "relationships" WHERE "relationships"."status" = $1 AND "relationships"."receiver_id" = 3[0m  [["status", true]]
  [1m[35mCACHE (0.0ms)[0m  SELECT "relationships".* FROM "relationships" WHERE "relationships"."status" = $1 AND "relationships"."sender_id" = 3  [["status", true]]
  [1m[36mCACHE (0.0ms)[0m  [1mSELECT "relationships".* FROM "relationships" WHERE "relationships"."status" = $1 AND "relationships"."receiver_id" = 3[0m  [["status", true]]
  [1m[35mRelationship Load (0.2ms)[0m  SELECT "relationships".* FROM "relationships" WHERE "relationships"."sender_id" = $1 AND "relationships"."status" = $2  [["sender_id", 3], ["status", "f"]]
  [1m[36mRelationship Load (0.2ms)[0m  [1mSELECT "relationships".* FROM "relationships" WHERE "relationships"."receiver_id" = $1 AND "relationships"."status" = $2[0m  [["receiver_id", 3], ["status", "f"]]
  [1m[35mGame Load (0.5ms)[0m  SELECT "games".* FROM "games" INNER JOIN "additions" ON "games"."id" = "additions"."game_id" WHERE "additions"."user_id" = $1  [["user_id", 3]]
  Rendered users/show.html.haml within layouts/application (45.4ms)
Completed 200 OK in 74ms (Views: 67.7ms | ActiveRecord: 4.5ms)


Started GET "/games/2" for 127.0.0.1 at 2016-05-06 09:27:05 -0500
Processing by GamesController#show as HTML
  Parameters: {"id"=>"2"}
  [1m[35mGame Load (0.4ms)[0m  SELECT  "games".* FROM "games" WHERE "games"."id" = $1 LIMIT 1  [["id", 2]]
  [1m[36mUser Load (0.2ms)[0m  [1mSELECT  "users".* FROM "users" WHERE "users"."id" = $1 LIMIT 1[0m  [["id", 3]]
  [1m[35mGame Exists (0.3ms)[0m  SELECT  1 AS one FROM "games" INNER JOIN "additions" ON "games"."id" = "additions"."game_id" WHERE "additions"."user_id" = $1 AND "games"."id" = $2 LIMIT 1  [["user_id", 3], ["id", 2]]
  [1m[36mGame Exists (0.3ms)[0m  [1mSELECT  1 AS one FROM "games" INNER JOIN "additions" ON "games"."id" = "additions"."game_id" WHERE "additions"."user_id" = $1 AND "games"."id" = $2 LIMIT 1[0m  [["user_id", 3], ["id", 2]]
  [1m[35m (0.3ms)[0m  SELECT COUNT(*) FROM "votes" WHERE "votes"."voteable_id" = $1 AND "votes"."voteable_type" = $2  [["voteable_id", 2], ["voteable_type", "Game"]]
  [1m[36mMechanic Load (0.5ms)[0m  [1mSELECT "mechanics".* FROM "mechanics" INNER JOIN "game_mechanics" ON "mechanics"."id" = "game_mechanics"."mechanic_id" WHERE "game_mechanics"."game_id" = $1[0m  [["game_id", 2]]
  [1m[35mComment Load (0.2ms)[0m  SELECT "comments".* FROM "comments" WHERE "comments"."game_id" = $1  [["game_id", 2]]
  [1m[36mUser Load (0.2ms)[0m  [1mSELECT  "users".* FROM "users" WHERE "users"."id" = $1 LIMIT 1[0m  [["id", 1]]
  [1m[35mCACHE (0.0ms)[0m  SELECT  "users".* FROM "users" WHERE "users"."id" = $1 LIMIT 1  [["id", 1]]
  Rendered comments/_comment.html.haml (1.8ms)
  Rendered games/show.html.haml within layouts/application (13.3ms)
Completed 200 OK in 33ms (Views: 28.6ms | ActiveRecord: 2.4ms)


Started GET "/games/names" for 127.0.0.1 at 2016-05-06 09:27:31 -0500
Processing by GamesController#names as HTML
  [1m[36mGame Load (2.2ms)[0m  [1mSELECT  "games".* FROM "games"  ORDER BY name ASC LIMIT 10 OFFSET 0[0m
  [1m[35m (0.4ms)[0m  SELECT COUNT(*) FROM "games"
  [1m[36m (0.4ms)[0m  [1mSELECT COUNT(*) FROM "comments" WHERE "comments"."game_id" = $1[0m  [["game_id", 42]]
  [1m[35m (0.2ms)[0m  SELECT COUNT(*) FROM "comments" WHERE "comments"."game_id" = $1  [["game_id", 230]]
  [1m[36m (0.3ms)[0m  [1mSELECT COUNT(*) FROM "comments" WHERE "comments"."game_id" = $1[0m  [["game_id", 494]]
  [1m[35m (0.2ms)[0m  SELECT COUNT(*) FROM "comments" WHERE "comments"."game_id" = $1  [["game_id", 149]]
  [1m[36m (0.3ms)[0m  [1mSELECT COUNT(*) FROM "comments" WHERE "comments"."game_id" = $1[0m  [["game_id", 150]]
  [1m[35m (0.2ms)[0m  SELECT COUNT(*) FROM "comments" WHERE "comments"."game_id" = $1  [["game_id", 257]]
  [1m[36m (0.2ms)[0m  [1mSELECT COUNT(*) FROM "comments" WHERE "comments"."game_id" = $1[0m  [["game_id", 502]]
  [1m[35m (0.2ms)[0m  SELECT COUNT(*) FROM "comments" WHERE "comments"."game_id" = $1  [["game_id", 49]]
  [1m[36m (0.2ms)[0m  [1mSELECT COUNT(*) FROM "comments" WHERE "comments"."game_id" = $1[0m  [["game_id", 38]]
  [1m[35m (0.2ms)[0m  SELECT COUNT(*) FROM "comments" WHERE "comments"."game_id" = $1  [["game_id", 188]]
  Rendered games/_game.html.haml (29.2ms)
  Rendered games/names.html.haml within layouts/application (43.4ms)
  [1m[36mUser Load (0.3ms)[0m  [1mSELECT  "users".* FROM "users" WHERE "users"."id" = $1 LIMIT 1[0m  [["id", 3]]
Completed 200 OK in 123ms (Views: 117.3ms | ActiveRecord: 5.1ms)


Started GET "/games/popularity" for 127.0.0.1 at 2016-05-06 09:27:48 -0500
Processing by GamesController#popularity as HTML
  [1m[35mGame Load (0.6ms)[0m  SELECT  "games".* FROM "games" INNER JOIN "votes" ON "votes"."voteable_id" = "games"."id" AND "votes"."voteable_type" = $1 GROUP BY games.id  ORDER BY count(games.id) DESC LIMIT 10 OFFSET 0  [["voteable_type", "Game"]]
  [1m[36m (0.2ms)[0m  [1mSELECT COUNT(*) FROM "comments" WHERE "comments"."game_id" = $1[0m  [["game_id", 1]]
  [1m[35m (0.3ms)[0m  SELECT COUNT(*) FROM "comments" WHERE "comments"."game_id" = $1  [["game_id", 2]]
  Rendered games/_game.html.haml (4.1ms)
  Rendered games/popularity.html.haml within layouts/application (32.7ms)
  [1m[36mUser Load (0.3ms)[0m  [1mSELECT  "users".* FROM "users" WHERE "users"."id" = $1 LIMIT 1[0m  [["id", 3]]
Completed 200 OK in 95ms (Views: 92.7ms | ActiveRecord: 1.4ms)


Started GET "/games/popularity" for 127.0.0.1 at 2016-05-06 09:52:07 -0500
Processing by GamesController#popularity as HTML
  [1m[35mGame Load (0.8ms)[0m  SELECT  "games".* FROM "games" INNER JOIN "votes" ON "votes"."voteable_id" = "games"."id" AND "votes"."voteable_type" = $1 GROUP BY games.id  ORDER BY count(games.id) DESC LIMIT 10 OFFSET 0  [["voteable_type", "Game"]]
  [1m[36m (0.2ms)[0m  [1mSELECT COUNT(*) FROM "comments" WHERE "comments"."game_id" = $1[0m  [["game_id", 1]]
  [1m[35m (0.2ms)[0m  SELECT COUNT(*) FROM "comments" WHERE "comments"."game_id" = $1  [["game_id", 2]]
  Rendered games/_game.html.haml (3.3ms)
  Rendered games/popularity.html.haml within layouts/application (7.8ms)
  [1m[36mUser Load (0.2ms)[0m  [1mSELECT  "users".* FROM "users" WHERE "users"."id" = $1 LIMIT 1[0m  [["id", 3]]
Completed 200 OK in 26ms (Views: 24.0ms | ActiveRecord: 1.4ms)


Started GET "/assets/application.self-7fdb149207e742863aa1a9a83d2eaaa5422f4fc5a3aa10bbb1df9e880abec490.css?body=1" for 127.0.0.1 at 2016-05-06 09:52:07 -0500


Started GET "/assets/jquery.self-660adc51e0224b731d29f575a6f1ec167ba08ad06ed5deca4f1e8654c135bf4c.js?body=1" for 127.0.0.1 at 2016-05-06 09:52:07 -0500


Started GET "/assets/application.self-3b8dabdc891efe46b9a144b400ad69e37d7e5876bdc39dee783419a69d7ca819.js?body=1" for 127.0.0.1 at 2016-05-06 09:52:07 -0500


Started GET "/assets/turbolinks.self-c37727e9bd6b2735da5c311aa83fead54ed0be6cc8bd9a65309e9c5abe2cbfff.js?body=1" for 127.0.0.1 at 2016-05-06 09:52:07 -0500


Started GET "/assets/jquery_ujs.self-e87806d0cf4489aeb1bb7288016024e8de67fd18db693fe026fe3907581e53cd.js?body=1" for 127.0.0.1 at 2016-05-06 09:52:07 -0500


Started GET "/" for 127.0.0.1 at 2016-05-06 09:52:14 -0500
Processing by GamesController#index as HTML
  [1m[36mGame Load (0.4ms)[0m  [1mSELECT  "games".* FROM "games" LIMIT 10 OFFSET 0[0m
  [1m[35m (0.4ms)[0m  SELECT COUNT(*) FROM "games"
  [1m[36m (0.2ms)[0m  [1mSELECT COUNT(*) FROM "comments" WHERE "comments"."game_id" = $1[0m  [["game_id", 1]]
  [1m[35m (0.2ms)[0m  SELECT COUNT(*) FROM "comments" WHERE "comments"."game_id" = $1  [["game_id", 2]]
  [1m[36m (0.2ms)[0m  [1mSELECT COUNT(*) FROM "comments" WHERE "comments"."game_id" = $1[0m  [["game_id", 3]]
  [1m[35m (0.2ms)[0m  SELECT COUNT(*) FROM "comments" WHERE "comments"."game_id" = $1  [["game_id", 4]]
  [1m[36m (0.2ms)[0m  [1mSELECT COUNT(*) FROM "comments" WHERE "comments"."game_id" = $1[0m  [["game_id", 5]]
  [1m[35m (0.2ms)[0m  SELECT COUNT(*) FROM "comments" WHERE "comments"."game_id" = $1  [["game_id", 6]]
  [1m[36m (0.2ms)[0m  [1mSELECT COUNT(*) FROM "comments" WHERE "comments"."game_id" = $1[0m  [["game_id", 7]]
  [1m[35m (0.2ms)[0m  SELECT COUNT(*) FROM "comments" WHERE "comments"."game_id" = $1  [["game_id", 8]]
  [1m[36m (0.1ms)[0m  [1mSELECT COUNT(*) FROM "comments" WHERE "comments"."game_id" = $1[0m  [["game_id", 9]]
  [1m[35m (0.2ms)[0m  SELECT COUNT(*) FROM "comments" WHERE "comments"."game_id" = $1  [["game_id", 10]]
  Rendered games/_game.html.haml (14.6ms)
  Rendered games/index.html.haml within layouts/application (22.6ms)
  [1m[36mUser Load (0.2ms)[0m  [1mSELECT  "users".* FROM "users" WHERE "users"."id" = $1 LIMIT 1[0m  [["id", 3]]
Completed 200 OK in 39ms (Views: 34.9ms | ActiveRecord: 2.9ms)
